<testsuites id="" name="" tests="460" failures="375" skipped="5" errors="0" time="35.29589">
<testsuite name="playwright/tests/auth/login.spec.js" timestamp="2025-06-15T13:59:20.769Z" hostname="chromium" tests="11" failures="11" skipped="0" time="0.048" errors="0">
<testcase name="Authentication Tests › should load login page successfully" classname="playwright/tests/auth/login.spec.js" time="0.005">
<failure message="login.spec.js:26:3 should load login page successfully" type="FAILURE">
<![CDATA[  [chromium] › playwright/tests/auth/login.spec.js:26:3 › Authentication Tests › should load login page successfully 

    Error: browserType.launch: Executable doesn't exist at /ms-playwright/chromium_headless_shell-1178/chrome-linux/headless_shell
    ╔═════════════════════════════════════════════════════════════════════════╗
    ║ Looks like Playwright Test or Playwright was just installed or updated. ║
    ║ Please run the following command to download new browsers:              ║
    ║                                                                         ║
    ║     npx playwright install                                              ║
    ║                                                                         ║
    ║ <3 Playwright Team                                                      ║
    ╚═════════════════════════════════════════════════════════════════════════╝
]]>
</failure>
</testcase>
<testcase name="Authentication Tests › should login successfully with valid admin credentials" classname="playwright/tests/auth/login.spec.js" time="0.006">
<failure message="login.spec.js:44:3 should login successfully with valid admin credentials" type="FAILURE">
<![CDATA[  [chromium] › playwright/tests/auth/login.spec.js:44:3 › Authentication Tests › should login successfully with valid admin credentials 

    Error: browserType.launch: Executable doesn't exist at /ms-playwright/chromium_headless_shell-1178/chrome-linux/headless_shell
    ╔═════════════════════════════════════════════════════════════════════════╗
    ║ Looks like Playwright Test or Playwright was just installed or updated. ║
    ║ Please run the following command to download new browsers:              ║
    ║                                                                         ║
    ║     npx playwright install                                              ║
    ║                                                                         ║
    ║ <3 Playwright Team                                                      ║
    ╚═════════════════════════════════════════════════════════════════════════╝
]]>
</failure>
</testcase>
<testcase name="Authentication Tests › should login successfully with valid user credentials" classname="playwright/tests/auth/login.spec.js" time="0.003">
<failure message="login.spec.js:62:3 should login successfully with valid user credentials" type="FAILURE">
<![CDATA[  [chromium] › playwright/tests/auth/login.spec.js:62:3 › Authentication Tests › should login successfully with valid user credentials 

    Error: browserType.launch: Executable doesn't exist at /ms-playwright/chromium_headless_shell-1178/chrome-linux/headless_shell
    ╔═════════════════════════════════════════════════════════════════════════╗
    ║ Looks like Playwright Test or Playwright was just installed or updated. ║
    ║ Please run the following command to download new browsers:              ║
    ║                                                                         ║
    ║     npx playwright install                                              ║
    ║                                                                         ║
    ║ <3 Playwright Team                                                      ║
    ╚═════════════════════════════════════════════════════════════════════════╝
]]>
</failure>
</testcase>
<testcase name="Authentication Tests › should reject invalid credentials" classname="playwright/tests/auth/login.spec.js" time="0.005">
<failure message="login.spec.js:80:3 should reject invalid credentials" type="FAILURE">
<![CDATA[  [chromium] › playwright/tests/auth/login.spec.js:80:3 › Authentication Tests › should reject invalid credentials 

    Error: browserType.launch: Executable doesn't exist at /ms-playwright/chromium_headless_shell-1178/chrome-linux/headless_shell
    ╔═════════════════════════════════════════════════════════════════════════╗
    ║ Looks like Playwright Test or Playwright was just installed or updated. ║
    ║ Please run the following command to download new browsers:              ║
    ║                                                                         ║
    ║     npx playwright install                                              ║
    ║                                                                         ║
    ║ <3 Playwright Team                                                      ║
    ╚═════════════════════════════════════════════════════════════════════════╝
]]>
</failure>
</testcase>
<testcase name="Authentication Tests › should reject empty credentials" classname="playwright/tests/auth/login.spec.js" time="0.005">
<failure message="login.spec.js:97:3 should reject empty credentials" type="FAILURE">
<![CDATA[  [chromium] › playwright/tests/auth/login.spec.js:97:3 › Authentication Tests › should reject empty credentials 

    Error: browserType.launch: Executable doesn't exist at /ms-playwright/chromium_headless_shell-1178/chrome-linux/headless_shell
    ╔═════════════════════════════════════════════════════════════════════════╗
    ║ Looks like Playwright Test or Playwright was just installed or updated. ║
    ║ Please run the following command to download new browsers:              ║
    ║                                                                         ║
    ║     npx playwright install                                              ║
    ║                                                                         ║
    ║ <3 Playwright Team                                                      ║
    ╚═════════════════════════════════════════════════════════════════════════╝
]]>
</failure>
</testcase>
<testcase name="Authentication Tests › should logout successfully" classname="playwright/tests/auth/login.spec.js" time="0.004">
<failure message="login.spec.js:110:3 should logout successfully" type="FAILURE">
<![CDATA[  [chromium] › playwright/tests/auth/login.spec.js:110:3 › Authentication Tests › should logout successfully 

    Error: browserType.launch: Executable doesn't exist at /ms-playwright/chromium_headless_shell-1178/chrome-linux/headless_shell
    ╔═════════════════════════════════════════════════════════════════════════╗
    ║ Looks like Playwright Test or Playwright was just installed or updated. ║
    ║ Please run the following command to download new browsers:              ║
    ║                                                                         ║
    ║     npx playwright install                                              ║
    ║                                                                         ║
    ║ <3 Playwright Team                                                      ║
    ╚═════════════════════════════════════════════════════════════════════════╝
]]>
</failure>
</testcase>
<testcase name="Authentication Tests › should maintain SSO across domain navigation" classname="playwright/tests/auth/login.spec.js" time="0.004">
<failure message="login.spec.js:128:3 should maintain SSO across domain navigation" type="FAILURE">
<![CDATA[  [chromium] › playwright/tests/auth/login.spec.js:128:3 › Authentication Tests › should maintain SSO across domain navigation 

    Error: browserType.launch: Executable doesn't exist at /ms-playwright/chromium_headless_shell-1178/chrome-linux/headless_shell
    ╔═════════════════════════════════════════════════════════════════════════╗
    ║ Looks like Playwright Test or Playwright was just installed or updated. ║
    ║ Please run the following command to download new browsers:              ║
    ║                                                                         ║
    ║     npx playwright install                                              ║
    ║                                                                         ║
    ║ <3 Playwright Team                                                      ║
    ╚═════════════════════════════════════════════════════════════════════════╝
]]>
</failure>
</testcase>
<testcase name="Authentication Tests › should handle session timeout gracefully" classname="playwright/tests/auth/login.spec.js" time="0.004">
<failure message="login.spec.js:149:3 should handle session timeout gracefully" type="FAILURE">
<![CDATA[  [chromium] › playwright/tests/auth/login.spec.js:149:3 › Authentication Tests › should handle session timeout gracefully 

    Error: browserType.launch: Executable doesn't exist at /ms-playwright/chromium_headless_shell-1178/chrome-linux/headless_shell
    ╔═════════════════════════════════════════════════════════════════════════╗
    ║ Looks like Playwright Test or Playwright was just installed or updated. ║
    ║ Please run the following command to download new browsers:              ║
    ║                                                                         ║
    ║     npx playwright install                                              ║
    ║                                                                         ║
    ║ <3 Playwright Team                                                      ║
    ╚═════════════════════════════════════════════════════════════════════════╝
]]>
</failure>
</testcase>
<testcase name="Authentication Tests › should prevent access to protected resources when not authenticated" classname="playwright/tests/auth/login.spec.js" time="0.004">
<failure message="login.spec.js:174:3 should prevent access to protected resources when not authenticated" type="FAILURE">
<![CDATA[  [chromium] › playwright/tests/auth/login.spec.js:174:3 › Authentication Tests › should prevent access to protected resources when not authenticated 

    Error: browserType.launch: Executable doesn't exist at /ms-playwright/chromium_headless_shell-1178/chrome-linux/headless_shell
    ╔═════════════════════════════════════════════════════════════════════════╗
    ║ Looks like Playwright Test or Playwright was just installed or updated. ║
    ║ Please run the following command to download new browsers:              ║
    ║                                                                         ║
    ║     npx playwright install                                              ║
    ║                                                                         ║
    ║ <3 Playwright Team                                                      ║
    ╚═════════════════════════════════════════════════════════════════════════╝
]]>
</failure>
</testcase>
<testcase name="Authentication Tests › should handle concurrent login attempts" classname="playwright/tests/auth/login.spec.js" time="0.004">
<failure message="login.spec.js:200:3 should handle concurrent login attempts" type="FAILURE">
<![CDATA[  [chromium] › playwright/tests/auth/login.spec.js:200:3 › Authentication Tests › should handle concurrent login attempts 

    Error: browserType.launch: Executable doesn't exist at /ms-playwright/chromium_headless_shell-1178/chrome-linux/headless_shell
    ╔═════════════════════════════════════════════════════════════════════════╗
    ║ Looks like Playwright Test or Playwright was just installed or updated. ║
    ║ Please run the following command to download new browsers:              ║
    ║                                                                         ║
    ║     npx playwright install                                              ║
    ║                                                                         ║
    ║ <3 Playwright Team                                                      ║
    ╚═════════════════════════════════════════════════════════════════════════╝
]]>
</failure>
</testcase>
<testcase name="Authentication Tests › should redirect to intended page after login" classname="playwright/tests/auth/login.spec.js" time="0.004">
<failure message="login.spec.js:222:3 should redirect to intended page after login" type="FAILURE">
<![CDATA[  [chromium] › playwright/tests/auth/login.spec.js:222:3 › Authentication Tests › should redirect to intended page after login 

    Error: browserType.launch: Executable doesn't exist at /ms-playwright/chromium_headless_shell-1178/chrome-linux/headless_shell
    ╔═════════════════════════════════════════════════════════════════════════╗
    ║ Looks like Playwright Test or Playwright was just installed or updated. ║
    ║ Please run the following command to download new browsers:              ║
    ║                                                                         ║
    ║     npx playwright install                                              ║
    ║                                                                         ║
    ║ <3 Playwright Team                                                      ║
    ╚═════════════════════════════════════════════════════════════════════════╝
]]>
</failure>
</testcase>
</testsuite>
<testsuite name="playwright/tests/auth/profile.spec.js" timestamp="2025-06-15T13:59:20.769Z" hostname="chromium" tests="17" failures="0" skipped="1" time="1.053" errors="0">
<testcase name="Profile API Endpoint Tests › Profile Endpoint Authentication › should return 403 when no authentication provided" classname="playwright/tests/auth/profile.spec.js" time="0.062">
<system-out>
<![CDATA[✅ [2025-06-15T13:59:22.333Z] Got admin token: eyJhbGciOiJIUzI1NiIs...
⚠️ [2025-06-15T13:59:22.730Z] Regular user not available: Authentication failed: 401
✅ [2025-06-15T13:59:22.794Z] Verified 403 response for unauthenticated request
]]>
</system-out>
</testcase>
<testcase name="Profile API Endpoint Tests › Profile Endpoint Authentication › should return 403 when invalid token provided" classname="playwright/tests/auth/profile.spec.js" time="0.056">
<system-out>
<![CDATA[✅ [2025-06-15T13:59:22.855Z] Verified 403 response for invalid token
]]>
</system-out>
</testcase>
<testcase name="Profile API Endpoint Tests › Profile Endpoint Authentication › should return 403 when malformed token provided" classname="playwright/tests/auth/profile.spec.js" time="0.065">
<system-out>
<![CDATA[✅ [2025-06-15T13:59:22.390Z] Got admin token: eyJhbGciOiJIUzI1NiIs...
⚠️ [2025-06-15T13:59:22.814Z] Regular user not available: Authentication failed: 401
✅ [2025-06-15T13:59:22.882Z] Verified 403 response for malformed token
]]>
</system-out>
</testcase>
<testcase name="Profile API Endpoint Tests › Profile Endpoint Authentication › should return 403 when expired token provided" classname="playwright/tests/auth/profile.spec.js" time="0.056">
<system-out>
<![CDATA[✅ [2025-06-15T13:59:22.943Z] Verified 403 response for expired token
]]>
</system-out>
</testcase>
<testcase name="Profile API Endpoint Tests › Profile Endpoint Success Cases › should return profile data with valid admin token via Authorization header" classname="playwright/tests/auth/profile.spec.js" time="0.074">
<system-out>
<![CDATA[✅ [2025-06-15T13:59:22.340Z] Got admin token: eyJhbGciOiJIUzI1NiIs...
⚠️ [2025-06-15T13:59:22.735Z] Regular user not available: Authentication failed: 401
✅ [2025-06-15T13:59:22.811Z] Profile data retrieved: {"username":"admin","email":"admin@viloforge.com","timestamp":"2025-06-15T13:59:22.747908+00:00"}
]]>
</system-out>
</testcase>
<testcase name="Profile API Endpoint Tests › Profile Endpoint Success Cases › should return profile data with valid admin token via cookie" classname="playwright/tests/auth/profile.spec.js" time="0.03">
<system-out>
<![CDATA[✅ [2025-06-15T13:59:22.844Z] Profile data retrieved via cookie authentication
]]>
</system-out>
</testcase>
<testcase name="Profile API Endpoint Tests › Profile Endpoint Success Cases › should return profile data with getProfile helper method" classname="playwright/tests/auth/profile.spec.js" time="0.069">
<system-out>
<![CDATA[✅ [2025-06-15T13:59:22.412Z] Got admin token: eyJhbGciOiJIUzI1NiIs...
⚠️ [2025-06-15T13:59:22.761Z] Regular user not available: Authentication failed: 401
✅ [2025-06-15T13:59:22.832Z] Profile retrieved via helper: {"username":"admin","email":"admin@viloforge.com","timestamp":"2025-06-15T13:59:22.776245+00:00"}
]]>
</system-out>
</testcase>
<testcase name="Profile API Endpoint Tests › Profile Endpoint Success Cases › should return profile data for regular user" classname="playwright/tests/auth/profile.spec.js" time="0">
<properties>
<property name="skip" value="">
</property>
</properties>
<skipped>
</skipped>
</testcase>
<testcase name="Profile API Endpoint Tests › Profile Endpoint Security › should not expose sensitive information" classname="playwright/tests/auth/profile.spec.js" time="0.076">
<system-out>
<![CDATA[✅ [2025-06-15T13:59:22.377Z] Got admin token: eyJhbGciOiJIUzI1NiIs...
⚠️ [2025-06-15T13:59:22.732Z] Regular user not available: Authentication failed: 401
✅ [2025-06-15T13:59:22.813Z] Verified no sensitive information exposed
]]>
</system-out>
</testcase>
<testcase name="Profile API Endpoint Tests › Profile Endpoint Security › should validate JWT token signature" classname="playwright/tests/auth/profile.spec.js" time="0.015">
<system-out>
<![CDATA[✅ [2025-06-15T13:59:22.834Z] Verified JWT signature validation
]]>
</system-out>
</testcase>
<testcase name="Profile API Endpoint Tests › Profile Endpoint Security › should handle concurrent profile requests" classname="playwright/tests/auth/profile.spec.js" time="0.126">
<system-out>
<![CDATA[✅ [2025-06-15T13:59:22.406Z] Got admin token: eyJhbGciOiJIUzI1NiIs...
⚠️ [2025-06-15T13:59:22.777Z] Regular user not available: Authentication failed: 401
✅ [2025-06-15T13:59:22.906Z] Verified concurrent request handling
]]>
</system-out>
</testcase>
<testcase name="Profile API Endpoint Tests › Profile Endpoint Integration › should work through Traefik proxy" classname="playwright/tests/auth/profile.spec.js" time="0.013">
<system-out>
<![CDATA[✅ [2025-06-15T13:59:22.925Z] Verified profile endpoint works through Traefik
]]>
</system-out>
</testcase>
<testcase name="Profile API Endpoint Tests › Profile Endpoint Integration › should be documented in API info" classname="playwright/tests/auth/profile.spec.js" time="0.022">
<system-out>
<![CDATA[✅ [2025-06-15T13:59:22.436Z] Got admin token: eyJhbGciOiJIUzI1NiIs...
⚠️ [2025-06-15T13:59:22.825Z] Regular user not available: Authentication failed: 401
✅ [2025-06-15T13:59:22.848Z] Verified profile endpoint is documented in API info
]]>
</system-out>
</testcase>
<testcase name="Profile API Endpoint Tests › Profile Endpoint Integration › should maintain consistent response format" classname="playwright/tests/auth/profile.spec.js" time="0.082">
<system-out>
<![CDATA[✅ [2025-06-15T13:59:22.938Z] Verified consistent response format across authentication methods
]]>
</system-out>
</testcase>
<testcase name="Profile API Endpoint Tests › Profile Endpoint Error Handling › should handle network errors gracefully" classname="playwright/tests/auth/profile.spec.js" time="0.068">
<system-out>
<![CDATA[✅ [2025-06-15T13:59:22.398Z] Got admin token: eyJhbGciOiJIUzI1NiIs...
⚠️ [2025-06-15T13:59:22.764Z] Regular user not available: Authentication failed: 401
✅ [2025-06-15T13:59:22.834Z] Verified network error handling
]]>
</system-out>
</testcase>
<testcase name="Profile API Endpoint Tests › Profile Endpoint Error Handling › should return proper HTTP status codes" classname="playwright/tests/auth/profile.spec.js" time="0.18">
<system-out>
<![CDATA[✅ [2025-06-15T13:59:22.900Z] Verified 403 status for no token
✅ [2025-06-15T13:59:22.956Z] Verified 403 status for invalid token
✅ [2025-06-15T13:59:23.018Z] Verified 200 status for valid token
]]>
</system-out>
</testcase>
<testcase name="Profile API Endpoint Tests › Profile Endpoint Error Handling › should include appropriate CORS headers" classname="playwright/tests/auth/profile.spec.js" time="0.059">
<system-out>
<![CDATA[✅ [2025-06-15T13:59:22.403Z] Got admin token: eyJhbGciOiJIUzI1NiIs...
⚠️ [2025-06-15T13:59:22.782Z] Regular user not available: Authentication failed: 401
✅ [2025-06-15T13:59:22.844Z] Verified CORS configuration allows requests
]]>
</system-out>
</testcase>
</testsuite>
<testsuite name="playwright/tests/auth/sso.spec.js" timestamp="2025-06-15T13:59:20.769Z" hostname="chromium" tests="9" failures="9" skipped="0" time="0.026" errors="0">
<testcase name="Single Sign-On (SSO) Tests › should authenticate once and access all services" classname="playwright/tests/auth/sso.spec.js" time="0.004">
<failure message="sso.spec.js:24:3 should authenticate once and access all services" type="FAILURE">
<![CDATA[  [chromium] › playwright/tests/auth/sso.spec.js:24:3 › Single Sign-On (SSO) Tests › should authenticate once and access all services 

    Error: browserType.launch: Executable doesn't exist at /ms-playwright/chromium_headless_shell-1178/chrome-linux/headless_shell
    ╔═════════════════════════════════════════════════════════════════════════╗
    ║ Looks like Playwright Test or Playwright was just installed or updated. ║
    ║ Please run the following command to download new browsers:              ║
    ║                                                                         ║
    ║     npx playwright install                                              ║
    ║                                                                         ║
    ║ <3 Playwright Team                                                      ║
    ╚═════════════════════════════════════════════════════════════════════════╝
]]>
</failure>
</testcase>
<testcase name="Single Sign-On (SSO) Tests › should maintain session across browser refresh" classname="playwright/tests/auth/sso.spec.js" time="0.005">
<failure message="sso.spec.js:53:3 should maintain session across browser refresh" type="FAILURE">
<![CDATA[  [chromium] › playwright/tests/auth/sso.spec.js:53:3 › Single Sign-On (SSO) Tests › should maintain session across browser refresh 

    Error: browserType.launch: Executable doesn't exist at /ms-playwright/chromium_headless_shell-1178/chrome-linux/headless_shell
    ╔═════════════════════════════════════════════════════════════════════════╗
    ║ Looks like Playwright Test or Playwright was just installed or updated. ║
    ║ Please run the following command to download new browsers:              ║
    ║                                                                         ║
    ║     npx playwright install                                              ║
    ║                                                                         ║
    ║ <3 Playwright Team                                                      ║
    ╚═════════════════════════════════════════════════════════════════════════╝
]]>
</failure>
</testcase>
<testcase name="Single Sign-On (SSO) Tests › should logout from all services when logging out from one" classname="playwright/tests/auth/sso.spec.js" time="0.004">
<failure message="sso.spec.js:69:3 should logout from all services when logging out from one" type="FAILURE">
<![CDATA[  [chromium] › playwright/tests/auth/sso.spec.js:69:3 › Single Sign-On (SSO) Tests › should logout from all services when logging out from one 

    Error: browserType.launch: Executable doesn't exist at /ms-playwright/chromium_headless_shell-1178/chrome-linux/headless_shell
    ╔═════════════════════════════════════════════════════════════════════════╗
    ║ Looks like Playwright Test or Playwright was just installed or updated. ║
    ║ Please run the following command to download new browsers:              ║
    ║                                                                         ║
    ║     npx playwright install                                              ║
    ║                                                                         ║
    ║ <3 Playwright Team                                                      ║
    ╚═════════════════════════════════════════════════════════════════════════╝
]]>
</failure>
</testcase>
<testcase name="Single Sign-On (SSO) Tests › should handle SSO cookie domain correctly" classname="playwright/tests/auth/sso.spec.js" time="0.003">
<failure message="sso.spec.js:99:3 should handle SSO cookie domain correctly" type="FAILURE">
<![CDATA[  [chromium] › playwright/tests/auth/sso.spec.js:99:3 › Single Sign-On (SSO) Tests › should handle SSO cookie domain correctly 

    Error: browserType.launch: Executable doesn't exist at /ms-playwright/chromium_headless_shell-1178/chrome-linux/headless_shell
    ╔═════════════════════════════════════════════════════════════════════════╗
    ║ Looks like Playwright Test or Playwright was just installed or updated. ║
    ║ Please run the following command to download new browsers:              ║
    ║                                                                         ║
    ║     npx playwright install                                              ║
    ║                                                                         ║
    ║ <3 Playwright Team                                                      ║
    ╚═════════════════════════════════════════════════════════════════════════╝
]]>
</failure>
</testcase>
<testcase name="Single Sign-On (SSO) Tests › should handle cross-domain redirects properly" classname="playwright/tests/auth/sso.spec.js" time="0.003">
<failure message="sso.spec.js:127:3 should handle cross-domain redirects properly" type="FAILURE">
<![CDATA[  [chromium] › playwright/tests/auth/sso.spec.js:127:3 › Single Sign-On (SSO) Tests › should handle cross-domain redirects properly 

    Error: browserType.launch: Executable doesn't exist at /ms-playwright/chromium_headless_shell-1178/chrome-linux/headless_shell
    ╔═════════════════════════════════════════════════════════════════════════╗
    ║ Looks like Playwright Test or Playwright was just installed or updated. ║
    ║ Please run the following command to download new browsers:              ║
    ║                                                                         ║
    ║     npx playwright install                                              ║
    ║                                                                         ║
    ║ <3 Playwright Team                                                      ║
    ╚═════════════════════════════════════════════════════════════════════════╝
]]>
</failure>
</testcase>
<testcase name="Single Sign-On (SSO) Tests › should handle session expiration gracefully" classname="playwright/tests/auth/sso.spec.js" time="0.003">
<failure message="sso.spec.js:154:3 should handle session expiration gracefully" type="FAILURE">
<![CDATA[  [chromium] › playwright/tests/auth/sso.spec.js:154:3 › Single Sign-On (SSO) Tests › should handle session expiration gracefully 

    Error: browserType.launch: Executable doesn't exist at /ms-playwright/chromium_headless_shell-1178/chrome-linux/headless_shell
    ╔═════════════════════════════════════════════════════════════════════════╗
    ║ Looks like Playwright Test or Playwright was just installed or updated. ║
    ║ Please run the following command to download new browsers:              ║
    ║                                                                         ║
    ║     npx playwright install                                              ║
    ║                                                                         ║
    ║ <3 Playwright Team                                                      ║
    ╚═════════════════════════════════════════════════════════════════════════╝
]]>
</failure>
</testcase>
<testcase name="Single Sign-On (SSO) Tests › should maintain SSO with multiple tabs/windows" classname="playwright/tests/auth/sso.spec.js" time="0.001">
<failure message="sso.spec.js:190:3 should maintain SSO with multiple tabs/windows" type="FAILURE">
<![CDATA[  [chromium] › playwright/tests/auth/sso.spec.js:190:3 › Single Sign-On (SSO) Tests › should maintain SSO with multiple tabs/windows 

    Error: browserType.launch: Executable doesn't exist at /ms-playwright/chromium_headless_shell-1178/chrome-linux/headless_shell
    ╔═════════════════════════════════════════════════════════════════════════╗
    ║ Looks like Playwright Test or Playwright was just installed or updated. ║
    ║ Please run the following command to download new browsers:              ║
    ║                                                                         ║
    ║     npx playwright install                                              ║
    ║                                                                         ║
    ║ <3 Playwright Team                                                      ║
    ╚═════════════════════════════════════════════════════════════════════════╝
]]>
</failure>
</testcase>
<testcase name="Single Sign-On (SSO) Tests › should handle SSO with different user agents" classname="playwright/tests/auth/sso.spec.js" time="0.001">
<failure message="sso.spec.js:211:3 should handle SSO with different user agents" type="FAILURE">
<![CDATA[  [chromium] › playwright/tests/auth/sso.spec.js:211:3 › Single Sign-On (SSO) Tests › should handle SSO with different user agents 

    Error: browserType.launch: Executable doesn't exist at /ms-playwright/chromium_headless_shell-1178/chrome-linux/headless_shell
    ╔═════════════════════════════════════════════════════════════════════════╗
    ║ Looks like Playwright Test or Playwright was just installed or updated. ║
    ║ Please run the following command to download new browsers:              ║
    ║                                                                         ║
    ║     npx playwright install                                              ║
    ║                                                                         ║
    ║ <3 Playwright Team                                                      ║
    ╚═════════════════════════════════════════════════════════════════════════╝
]]>
</failure>
</testcase>
<testcase name="Single Sign-On (SSO) Tests › should validate JWT token structure and claims" classname="playwright/tests/auth/sso.spec.js" time="0.002">
<failure message="sso.spec.js:227:3 should validate JWT token structure and claims" type="FAILURE">
<![CDATA[  [chromium] › playwright/tests/auth/sso.spec.js:227:3 › Single Sign-On (SSO) Tests › should validate JWT token structure and claims 

    Error: browserType.launch: Executable doesn't exist at /ms-playwright/chromium_headless_shell-1178/chrome-linux/headless_shell
    ╔═════════════════════════════════════════════════════════════════════════╗
    ║ Looks like Playwright Test or Playwright was just installed or updated. ║
    ║ Please run the following command to download new browsers:              ║
    ║                                                                         ║
    ║     npx playwright install                                              ║
    ║                                                                         ║
    ║ <3 Playwright Team                                                      ║
    ╚═════════════════════════════════════════════════════════════════════════╝
]]>
</failure>
</testcase>
</testsuite>
<testsuite name="playwright/tests/cors/cross-domain-api.spec.js" timestamp="2025-06-15T13:59:20.769Z" hostname="chromium" tests="5" failures="5" skipped="0" time="0.012" errors="0">
<testcase name="Cross-Domain API Access (CORS Testing) › Real Browser CORS Behavior › should handle CORS when making fetch request from website to identity API" classname="playwright/tests/cors/cross-domain-api.spec.js" time="0.001">
<failure message="cross-domain-api.spec.js:31:5 should handle CORS when making fetch request from website to identity API" type="FAILURE">
<![CDATA[  [chromium] › playwright/tests/cors/cross-domain-api.spec.js:31:5 › Cross-Domain API Access (CORS Testing) › Real Browser CORS Behavior › should handle CORS when making fetch request from website to identity API 

    Error: browserType.launch: Executable doesn't exist at /ms-playwright/chromium_headless_shell-1178/chrome-linux/headless_shell
    ╔═════════════════════════════════════════════════════════════════════════╗
    ║ Looks like Playwright Test or Playwright was just installed or updated. ║
    ║ Please run the following command to download new browsers:              ║
    ║                                                                         ║
    ║     npx playwright install                                              ║
    ║                                                                         ║
    ║ <3 Playwright Team                                                      ║
    ╚═════════════════════════════════════════════════════════════════════════╝
]]>
</failure>
<system-out>
<![CDATA[✅ [2025-06-15T13:59:23.259Z] Got admin token for CORS tests: eyJhbGciOiJIUzI1NiIs...
]]>
</system-out>
</testcase>
<testcase name="Cross-Domain API Access (CORS Testing) › Real Browser CORS Behavior › should detect CORS errors when they occur" classname="playwright/tests/cors/cross-domain-api.spec.js" time="0.003">
<failure message="cross-domain-api.spec.js:112:5 should detect CORS errors when they occur" type="FAILURE">
<![CDATA[  [chromium] › playwright/tests/cors/cross-domain-api.spec.js:112:5 › Cross-Domain API Access (CORS Testing) › Real Browser CORS Behavior › should detect CORS errors when they occur 

    Error: browserType.launch: Executable doesn't exist at /ms-playwright/chromium_headless_shell-1178/chrome-linux/headless_shell
    ╔═════════════════════════════════════════════════════════════════════════╗
    ║ Looks like Playwright Test or Playwright was just installed or updated. ║
    ║ Please run the following command to download new browsers:              ║
    ║                                                                         ║
    ║     npx playwright install                                              ║
    ║                                                                         ║
    ║ <3 Playwright Team                                                      ║
    ╚═════════════════════════════════════════════════════════════════════════╝
]]>
</failure>
<system-out>
<![CDATA[✅ [2025-06-15T13:59:23.831Z] Got admin token for CORS tests: eyJhbGciOiJIUzI1NiIs...
]]>
</system-out>
</testcase>
<testcase name="Cross-Domain API Access (CORS Testing) › Real Browser CORS Behavior › should verify CORS headers are present in responses" classname="playwright/tests/cors/cross-domain-api.spec.js" time="0.003">
<failure message="cross-domain-api.spec.js:165:5 should verify CORS headers are present in responses" type="FAILURE">
<![CDATA[  [chromium] › playwright/tests/cors/cross-domain-api.spec.js:165:5 › Cross-Domain API Access (CORS Testing) › Real Browser CORS Behavior › should verify CORS headers are present in responses 

    Error: browserType.launch: Executable doesn't exist at /ms-playwright/chromium_headless_shell-1178/chrome-linux/headless_shell
    ╔═════════════════════════════════════════════════════════════════════════╗
    ║ Looks like Playwright Test or Playwright was just installed or updated. ║
    ║ Please run the following command to download new browsers:              ║
    ║                                                                         ║
    ║     npx playwright install                                              ║
    ║                                                                         ║
    ║ <3 Playwright Team                                                      ║
    ╚═════════════════════════════════════════════════════════════════════════╝
]]>
</failure>
<system-out>
<![CDATA[✅ [2025-06-15T13:59:23.822Z] Got admin token for CORS tests: eyJhbGciOiJIUzI1NiIs...
]]>
</system-out>
</testcase>
<testcase name="Cross-Domain API Access (CORS Testing) › Console Error Detection › should detect CORS errors in browser console" classname="playwright/tests/cors/cross-domain-api.spec.js" time="0.001">
<failure message="cross-domain-api.spec.js:225:5 should detect CORS errors in browser console" type="FAILURE">
<![CDATA[  [chromium] › playwright/tests/cors/cross-domain-api.spec.js:225:5 › Cross-Domain API Access (CORS Testing) › Console Error Detection › should detect CORS errors in browser console 

    Error: browserType.launch: Executable doesn't exist at /ms-playwright/chromium_headless_shell-1178/chrome-linux/headless_shell
    ╔═════════════════════════════════════════════════════════════════════════╗
    ║ Looks like Playwright Test or Playwright was just installed or updated. ║
    ║ Please run the following command to download new browsers:              ║
    ║                                                                         ║
    ║     npx playwright install                                              ║
    ║                                                                         ║
    ║ <3 Playwright Team                                                      ║
    ╚═════════════════════════════════════════════════════════════════════════╝
]]>
</failure>
<system-out>
<![CDATA[✅ [2025-06-15T13:59:23.218Z] Got admin token for CORS tests: eyJhbGciOiJIUzI1NiIs...
]]>
</system-out>
</testcase>
<testcase name="Cross-Domain API Access (CORS Testing) › Multi-Service CORS Testing › should test CORS for future billing service endpoints" classname="playwright/tests/cors/cross-domain-api.spec.js" time="0.004">
<failure message="cross-domain-api.spec.js:293:5 should test CORS for future billing service endpoints" type="FAILURE">
<![CDATA[  [chromium] › playwright/tests/cors/cross-domain-api.spec.js:293:5 › Cross-Domain API Access (CORS Testing) › Multi-Service CORS Testing › should test CORS for future billing service endpoints 

    Error: browserType.launch: Executable doesn't exist at /ms-playwright/chromium_headless_shell-1178/chrome-linux/headless_shell
    ╔═════════════════════════════════════════════════════════════════════════╗
    ║ Looks like Playwright Test or Playwright was just installed or updated. ║
    ║ Please run the following command to download new browsers:              ║
    ║                                                                         ║
    ║     npx playwright install                                              ║
    ║                                                                         ║
    ║ <3 Playwright Team                                                      ║
    ╚═════════════════════════════════════════════════════════════════════════╝
]]>
</failure>
<system-out>
<![CDATA[✅ [2025-06-15T13:59:23.849Z] Got admin token for CORS tests: eyJhbGciOiJIUzI1NiIs...
]]>
</system-out>
</testcase>
</testsuite>
<testsuite name="playwright/tests/infrastructure/traefik.spec.js" timestamp="2025-06-15T13:59:20.769Z" hostname="chromium" tests="11" failures="11" skipped="0" time="0.026" errors="0">
<testcase name="Traefik Infrastructure Tests › should route all services correctly through Traefik" classname="playwright/tests/infrastructure/traefik.spec.js" time="0.001">
<failure message="traefik.spec.js:15:3 should route all services correctly through Traefik" type="FAILURE">
<![CDATA[  [chromium] › playwright/tests/infrastructure/traefik.spec.js:15:3 › Traefik Infrastructure Tests › should route all services correctly through Traefik 

    Error: browserType.launch: Executable doesn't exist at /ms-playwright/chromium_headless_shell-1178/chrome-linux/headless_shell
    ╔═════════════════════════════════════════════════════════════════════════╗
    ║ Looks like Playwright Test or Playwright was just installed or updated. ║
    ║ Please run the following command to download new browsers:              ║
    ║                                                                         ║
    ║     npx playwright install                                              ║
    ║                                                                         ║
    ║ <3 Playwright Team                                                      ║
    ╚═════════════════════════════════════════════════════════════════════════╝
]]>
</failure>
</testcase>
<testcase name="Traefik Infrastructure Tests › should redirect HTTP to HTTPS" classname="playwright/tests/infrastructure/traefik.spec.js" time="0.001">
<failure message="traefik.spec.js:61:3 should redirect HTTP to HTTPS" type="FAILURE">
<![CDATA[  [chromium] › playwright/tests/infrastructure/traefik.spec.js:61:3 › Traefik Infrastructure Tests › should redirect HTTP to HTTPS 

    Error: browserType.launch: Executable doesn't exist at /ms-playwright/chromium_headless_shell-1178/chrome-linux/headless_shell
    ╔═════════════════════════════════════════════════════════════════════════╗
    ║ Looks like Playwright Test or Playwright was just installed or updated. ║
    ║ Please run the following command to download new browsers:              ║
    ║                                                                         ║
    ║     npx playwright install                                              ║
    ║                                                                         ║
    ║ <3 Playwright Team                                                      ║
    ╚═════════════════════════════════════════════════════════════════════════╝
]]>
</failure>
</testcase>
<testcase name="Traefik Infrastructure Tests › should handle SSL/TLS certificates properly" classname="playwright/tests/infrastructure/traefik.spec.js" time="0.003">
<failure message="traefik.spec.js:85:3 should handle SSL/TLS certificates properly" type="FAILURE">
<![CDATA[  [chromium] › playwright/tests/infrastructure/traefik.spec.js:85:3 › Traefik Infrastructure Tests › should handle SSL/TLS certificates properly 

    Error: browserType.launch: Executable doesn't exist at /ms-playwright/chromium_headless_shell-1178/chrome-linux/headless_shell
    ╔═════════════════════════════════════════════════════════════════════════╗
    ║ Looks like Playwright Test or Playwright was just installed or updated. ║
    ║ Please run the following command to download new browsers:              ║
    ║                                                                         ║
    ║     npx playwright install                                              ║
    ║                                                                         ║
    ║ <3 Playwright Team                                                      ║
    ╚═════════════════════════════════════════════════════════════════════════╝
]]>
</failure>
</testcase>
<testcase name="Traefik Infrastructure Tests › should handle subdomain routing correctly" classname="playwright/tests/infrastructure/traefik.spec.js" time="0">
<failure message="traefik.spec.js:113:3 should handle subdomain routing correctly" type="FAILURE">
<![CDATA[  [chromium] › playwright/tests/infrastructure/traefik.spec.js:113:3 › Traefik Infrastructure Tests › should handle subdomain routing correctly 

    Error: browserType.launch: Executable doesn't exist at /ms-playwright/chromium_headless_shell-1178/chrome-linux/headless_shell
    ╔═════════════════════════════════════════════════════════════════════════╗
    ║ Looks like Playwright Test or Playwright was just installed or updated. ║
    ║ Please run the following command to download new browsers:              ║
    ║                                                                         ║
    ║     npx playwright install                                              ║
    ║                                                                         ║
    ║ <3 Playwright Team                                                      ║
    ╚═════════════════════════════════════════════════════════════════════════╝
]]>
</failure>
</testcase>
<testcase name="Traefik Infrastructure Tests › should handle root domain routing to website" classname="playwright/tests/infrastructure/traefik.spec.js" time="0.003">
<failure message="traefik.spec.js:137:3 should handle root domain routing to website" type="FAILURE">
<![CDATA[  [chromium] › playwright/tests/infrastructure/traefik.spec.js:137:3 › Traefik Infrastructure Tests › should handle root domain routing to website 

    Error: browserType.launch: Executable doesn't exist at /ms-playwright/chromium_headless_shell-1178/chrome-linux/headless_shell
    ╔═════════════════════════════════════════════════════════════════════════╗
    ║ Looks like Playwright Test or Playwright was just installed or updated. ║
    ║ Please run the following command to download new browsers:              ║
    ║                                                                         ║
    ║     npx playwright install                                              ║
    ║                                                                         ║
    ║ <3 Playwright Team                                                      ║
    ╚═════════════════════════════════════════════════════════════════════════╝
]]>
</failure>
</testcase>
<testcase name="Traefik Infrastructure Tests › should handle load balancing and service availability" classname="playwright/tests/infrastructure/traefik.spec.js" time="0.004">
<failure message="traefik.spec.js:158:3 should handle load balancing and service availability" type="FAILURE">
<![CDATA[  [chromium] › playwright/tests/infrastructure/traefik.spec.js:158:3 › Traefik Infrastructure Tests › should handle load balancing and service availability 

    Error: browserType.launch: Executable doesn't exist at /ms-playwright/chromium_headless_shell-1178/chrome-linux/headless_shell
    ╔═════════════════════════════════════════════════════════════════════════╗
    ║ Looks like Playwright Test or Playwright was just installed or updated. ║
    ║ Please run the following command to download new browsers:              ║
    ║                                                                         ║
    ║     npx playwright install                                              ║
    ║                                                                         ║
    ║ <3 Playwright Team                                                      ║
    ╚═════════════════════════════════════════════════════════════════════════╝
]]>
</failure>
</testcase>
<testcase name="Traefik Infrastructure Tests › should return appropriate error pages for non-existent routes" classname="playwright/tests/infrastructure/traefik.spec.js" time="0.001">
<failure message="traefik.spec.js:190:3 should return appropriate error pages for non-existent routes" type="FAILURE">
<![CDATA[  [chromium] › playwright/tests/infrastructure/traefik.spec.js:190:3 › Traefik Infrastructure Tests › should return appropriate error pages for non-existent routes 

    Error: browserType.launch: Executable doesn't exist at /ms-playwright/chromium_headless_shell-1178/chrome-linux/headless_shell
    ╔═════════════════════════════════════════════════════════════════════════╗
    ║ Looks like Playwright Test or Playwright was just installed or updated. ║
    ║ Please run the following command to download new browsers:              ║
    ║                                                                         ║
    ║     npx playwright install                                              ║
    ║                                                                         ║
    ║ <3 Playwright Team                                                      ║
    ╚═════════════════════════════════════════════════════════════════════════╝
]]>
</failure>
</testcase>
<testcase name="Traefik Infrastructure Tests › should handle concurrent requests efficiently" classname="playwright/tests/infrastructure/traefik.spec.js" time="0.003">
<failure message="traefik.spec.js:215:3 should handle concurrent requests efficiently" type="FAILURE">
<![CDATA[  [chromium] › playwright/tests/infrastructure/traefik.spec.js:215:3 › Traefik Infrastructure Tests › should handle concurrent requests efficiently 

    Error: browserType.launch: Executable doesn't exist at /ms-playwright/chromium_headless_shell-1178/chrome-linux/headless_shell
    ╔═════════════════════════════════════════════════════════════════════════╗
    ║ Looks like Playwright Test or Playwright was just installed or updated. ║
    ║ Please run the following command to download new browsers:              ║
    ║                                                                         ║
    ║     npx playwright install                                              ║
    ║                                                                         ║
    ║ <3 Playwright Team                                                      ║
    ╚═════════════════════════════════════════════════════════════════════════╝
]]>
</failure>
</testcase>
<testcase name="Traefik Infrastructure Tests › should have proper health check endpoints" classname="playwright/tests/infrastructure/traefik.spec.js" time="0.004">
<failure message="traefik.spec.js:255:3 should have proper health check endpoints" type="FAILURE">
<![CDATA[  [chromium] › playwright/tests/infrastructure/traefik.spec.js:255:3 › Traefik Infrastructure Tests › should have proper health check endpoints 

    Error: browserType.launch: Executable doesn't exist at /ms-playwright/chromium_headless_shell-1178/chrome-linux/headless_shell
    ╔═════════════════════════════════════════════════════════════════════════╗
    ║ Looks like Playwright Test or Playwright was just installed or updated. ║
    ║ Please run the following command to download new browsers:              ║
    ║                                                                         ║
    ║     npx playwright install                                              ║
    ║                                                                         ║
    ║ <3 Playwright Team                                                      ║
    ╚═════════════════════════════════════════════════════════════════════════╝
]]>
</failure>
</testcase>
<testcase name="Traefik Infrastructure Tests › should handle request timeouts appropriately" classname="playwright/tests/infrastructure/traefik.spec.js" time="0.004">
<failure message="traefik.spec.js:269:3 should handle request timeouts appropriately" type="FAILURE">
<![CDATA[  [chromium] › playwright/tests/infrastructure/traefik.spec.js:269:3 › Traefik Infrastructure Tests › should handle request timeouts appropriately 

    Error: browserType.launch: Executable doesn't exist at /ms-playwright/chromium_headless_shell-1178/chrome-linux/headless_shell
    ╔═════════════════════════════════════════════════════════════════════════╗
    ║ Looks like Playwright Test or Playwright was just installed or updated. ║
    ║ Please run the following command to download new browsers:              ║
    ║                                                                         ║
    ║     npx playwright install                                              ║
    ║                                                                         ║
    ║ <3 Playwright Team                                                      ║
    ╚═════════════════════════════════════════════════════════════════════════╝
]]>
</failure>
</testcase>
<testcase name="Traefik Infrastructure Tests › should preserve request headers correctly" classname="playwright/tests/infrastructure/traefik.spec.js" time="0.002">
<failure message="traefik.spec.js:291:3 should preserve request headers correctly" type="FAILURE">
<![CDATA[  [chromium] › playwright/tests/infrastructure/traefik.spec.js:291:3 › Traefik Infrastructure Tests › should preserve request headers correctly 

    Error: browserType.launch: Executable doesn't exist at /ms-playwright/chromium_headless_shell-1178/chrome-linux/headless_shell
    ╔═════════════════════════════════════════════════════════════════════════╗
    ║ Looks like Playwright Test or Playwright was just installed or updated. ║
    ║ Please run the following command to download new browsers:              ║
    ║                                                                         ║
    ║     npx playwright install                                              ║
    ║                                                                         ║
    ║ <3 Playwright Team                                                      ║
    ╚═════════════════════════════════════════════════════════════════════════╝
]]>
</failure>
</testcase>
</testsuite>
<testsuite name="playwright/tests/website/homepage.spec.js" timestamp="2025-06-15T13:59:20.769Z" hostname="chromium" tests="11" failures="11" skipped="0" time="0.041" errors="0">
<testcase name="Website Homepage Tests › should load homepage successfully" classname="playwright/tests/website/homepage.spec.js" time="0.004">
<failure message="homepage.spec.js:15:3 should load homepage successfully" type="FAILURE">
<![CDATA[  [chromium] › playwright/tests/website/homepage.spec.js:15:3 › Website Homepage Tests › should load homepage successfully 

    Error: browserType.launch: Executable doesn't exist at /ms-playwright/chromium_headless_shell-1178/chrome-linux/headless_shell
    ╔═════════════════════════════════════════════════════════════════════════╗
    ║ Looks like Playwright Test or Playwright was just installed or updated. ║
    ║ Please run the following command to download new browsers:              ║
    ║                                                                         ║
    ║     npx playwright install                                              ║
    ║                                                                         ║
    ║ <3 Playwright Team                                                      ║
    ╚═════════════════════════════════════════════════════════════════════════╝
]]>
</failure>
</testcase>
<testcase name="Website Homepage Tests › should handle both authenticated and unauthenticated access" classname="playwright/tests/website/homepage.spec.js" time="0.004">
<failure message="homepage.spec.js:29:3 should handle both authenticated and unauthenticated access" type="FAILURE">
<![CDATA[  [chromium] › playwright/tests/website/homepage.spec.js:29:3 › Website Homepage Tests › should handle both authenticated and unauthenticated access 

    Error: browserType.launch: Executable doesn't exist at /ms-playwright/chromium_headless_shell-1178/chrome-linux/headless_shell
    ╔═════════════════════════════════════════════════════════════════════════╗
    ║ Looks like Playwright Test or Playwright was just installed or updated. ║
    ║ Please run the following command to download new browsers:              ║
    ║                                                                         ║
    ║     npx playwright install                                              ║
    ║                                                                         ║
    ║ <3 Playwright Team                                                      ║
    ╚═════════════════════════════════════════════════════════════════════════╝
]]>
</failure>
</testcase>
<testcase name="Website Homepage Tests › should display correct navigation elements" classname="playwright/tests/website/homepage.spec.js" time="0.004">
<failure message="homepage.spec.js:54:3 should display correct navigation elements" type="FAILURE">
<![CDATA[  [chromium] › playwright/tests/website/homepage.spec.js:54:3 › Website Homepage Tests › should display correct navigation elements 

    Error: browserType.launch: Executable doesn't exist at /ms-playwright/chromium_headless_shell-1178/chrome-linux/headless_shell
    ╔═════════════════════════════════════════════════════════════════════════╗
    ║ Looks like Playwright Test or Playwright was just installed or updated. ║
    ║ Please run the following command to download new browsers:              ║
    ║                                                                         ║
    ║     npx playwright install                                              ║
    ║                                                                         ║
    ║ <3 Playwright Team                                                      ║
    ╚═════════════════════════════════════════════════════════════════════════╝
]]>
</failure>
</testcase>
<testcase name="Website Homepage Tests › should have proper page metadata" classname="playwright/tests/website/homepage.spec.js" time="0.004">
<failure message="homepage.spec.js:99:3 should have proper page metadata" type="FAILURE">
<![CDATA[  [chromium] › playwright/tests/website/homepage.spec.js:99:3 › Website Homepage Tests › should have proper page metadata 

    Error: browserType.launch: Executable doesn't exist at /ms-playwright/chromium_headless_shell-1178/chrome-linux/headless_shell
    ╔═════════════════════════════════════════════════════════════════════════╗
    ║ Looks like Playwright Test or Playwright was just installed or updated. ║
    ║ Please run the following command to download new browsers:              ║
    ║                                                                         ║
    ║     npx playwright install                                              ║
    ║                                                                         ║
    ║ <3 Playwright Team                                                      ║
    ╚═════════════════════════════════════════════════════════════════════════╝
]]>
</failure>
</testcase>
<testcase name="Website Homepage Tests › should handle responsive design" classname="playwright/tests/website/homepage.spec.js" time="0.003">
<failure message="homepage.spec.js:121:3 should handle responsive design" type="FAILURE">
<![CDATA[  [chromium] › playwright/tests/website/homepage.spec.js:121:3 › Website Homepage Tests › should handle responsive design 

    Error: browserType.launch: Executable doesn't exist at /ms-playwright/chromium_headless_shell-1178/chrome-linux/headless_shell
    ╔═════════════════════════════════════════════════════════════════════════╗
    ║ Looks like Playwright Test or Playwright was just installed or updated. ║
    ║ Please run the following command to download new browsers:              ║
    ║                                                                         ║
    ║     npx playwright install                                              ║
    ║                                                                         ║
    ║ <3 Playwright Team                                                      ║
    ╚═════════════════════════════════════════════════════════════════════════╝
]]>
</failure>
</testcase>
<testcase name="Website Homepage Tests › should load all critical resources" classname="playwright/tests/website/homepage.spec.js" time="0.004">
<failure message="homepage.spec.js:140:3 should load all critical resources" type="FAILURE">
<![CDATA[  [chromium] › playwright/tests/website/homepage.spec.js:140:3 › Website Homepage Tests › should load all critical resources 

    Error: browserType.launch: Executable doesn't exist at /ms-playwright/chromium_headless_shell-1178/chrome-linux/headless_shell
    ╔═════════════════════════════════════════════════════════════════════════╗
    ║ Looks like Playwright Test or Playwright was just installed or updated. ║
    ║ Please run the following command to download new browsers:              ║
    ║                                                                         ║
    ║     npx playwright install                                              ║
    ║                                                                         ║
    ║ <3 Playwright Team                                                      ║
    ╚═════════════════════════════════════════════════════════════════════════╝
]]>
</failure>
</testcase>
<testcase name="Website Homepage Tests › should have working internal links" classname="playwright/tests/website/homepage.spec.js" time="0.004">
<failure message="homepage.spec.js:171:3 should have working internal links" type="FAILURE">
<![CDATA[  [chromium] › playwright/tests/website/homepage.spec.js:171:3 › Website Homepage Tests › should have working internal links 

    Error: browserType.launch: Executable doesn't exist at /ms-playwright/chromium_headless_shell-1178/chrome-linux/headless_shell
    ╔═════════════════════════════════════════════════════════════════════════╗
    ║ Looks like Playwright Test or Playwright was just installed or updated. ║
    ║ Please run the following command to download new browsers:              ║
    ║                                                                         ║
    ║     npx playwright install                                              ║
    ║                                                                         ║
    ║ <3 Playwright Team                                                      ║
    ╚═════════════════════════════════════════════════════════════════════════╝
]]>
</failure>
</testcase>
<testcase name="Website Homepage Tests › should handle form submissions properly" classname="playwright/tests/website/homepage.spec.js" time="0.003">
<failure message="homepage.spec.js:206:3 should handle form submissions properly" type="FAILURE">
<![CDATA[  [chromium] › playwright/tests/website/homepage.spec.js:206:3 › Website Homepage Tests › should handle form submissions properly 

    Error: browserType.launch: Executable doesn't exist at /ms-playwright/chromium_headless_shell-1178/chrome-linux/headless_shell
    ╔═════════════════════════════════════════════════════════════════════════╗
    ║ Looks like Playwright Test or Playwright was just installed or updated. ║
    ║ Please run the following command to download new browsers:              ║
    ║                                                                         ║
    ║     npx playwright install                                              ║
    ║                                                                         ║
    ║ <3 Playwright Team                                                      ║
    ╚═════════════════════════════════════════════════════════════════════════╝
]]>
</failure>
</testcase>
<testcase name="Website Homepage Tests › should display user-specific content when authenticated" classname="playwright/tests/website/homepage.spec.js" time="0.004">
<failure message="homepage.spec.js:241:3 should display user-specific content when authenticated" type="FAILURE">
<![CDATA[  [chromium] › playwright/tests/website/homepage.spec.js:241:3 › Website Homepage Tests › should display user-specific content when authenticated 

    Error: browserType.launch: Executable doesn't exist at /ms-playwright/chromium_headless_shell-1178/chrome-linux/headless_shell
    ╔═════════════════════════════════════════════════════════════════════════╗
    ║ Looks like Playwright Test or Playwright was just installed or updated. ║
    ║ Please run the following command to download new browsers:              ║
    ║                                                                         ║
    ║     npx playwright install                                              ║
    ║                                                                         ║
    ║ <3 Playwright Team                                                      ║
    ╚═════════════════════════════════════════════════════════════════════════╝
]]>
</failure>
</testcase>
<testcase name="Website Homepage Tests › should have proper SSL/TLS configuration through Traefik" classname="playwright/tests/website/homepage.spec.js" time="0.003">
<failure message="homepage.spec.js:263:3 should have proper SSL/TLS configuration through Traefik" type="FAILURE">
<![CDATA[  [chromium] › playwright/tests/website/homepage.spec.js:263:3 › Website Homepage Tests › should have proper SSL/TLS configuration through Traefik 

    Error: browserType.launch: Executable doesn't exist at /ms-playwright/chromium_headless_shell-1178/chrome-linux/headless_shell
    ╔═════════════════════════════════════════════════════════════════════════╗
    ║ Looks like Playwright Test or Playwright was just installed or updated. ║
    ║ Please run the following command to download new browsers:              ║
    ║                                                                         ║
    ║     npx playwright install                                              ║
    ║                                                                         ║
    ║ <3 Playwright Team                                                      ║
    ╚═════════════════════════════════════════════════════════════════════════╝
]]>
</failure>
</testcase>
<testcase name="Website Homepage Tests › should handle JavaScript errors gracefully" classname="playwright/tests/website/homepage.spec.js" time="0.004">
<failure message="homepage.spec.js:295:3 should handle JavaScript errors gracefully" type="FAILURE">
<![CDATA[  [chromium] › playwright/tests/website/homepage.spec.js:295:3 › Website Homepage Tests › should handle JavaScript errors gracefully 

    Error: browserType.launch: Executable doesn't exist at /ms-playwright/chromium_headless_shell-1178/chrome-linux/headless_shell
    ╔═════════════════════════════════════════════════════════════════════════╗
    ║ Looks like Playwright Test or Playwright was just installed or updated. ║
    ║ Please run the following command to download new browsers:              ║
    ║                                                                         ║
    ║     npx playwright install                                              ║
    ║                                                                         ║
    ║ <3 Playwright Team                                                      ║
    ╚═════════════════════════════════════════════════════════════════════════╝
]]>
</failure>
</testcase>
</testsuite>
<testsuite name="playwright/tests/website/javascript-api-integration.spec.js" timestamp="2025-06-15T13:59:20.769Z" hostname="chromium" tests="6" failures="6" skipped="0" time="0.014" errors="0">
<testcase name="Website JavaScript API Integration › Profile Page JavaScript Behavior › should execute the actual profile page JavaScript without errors" classname="playwright/tests/website/javascript-api-integration.spec.js" time="0.002">
<failure message="javascript-api-integration.spec.js:31:5 should execute the actual profile page JavaScript without errors" type="FAILURE">
<![CDATA[  [chromium] › playwright/tests/website/javascript-api-integration.spec.js:31:5 › Website JavaScript API Integration › Profile Page JavaScript Behavior › should execute the actual profile page JavaScript without errors 

    Error: browserType.launch: Executable doesn't exist at /ms-playwright/chromium_headless_shell-1178/chrome-linux/headless_shell
    ╔═════════════════════════════════════════════════════════════════════════╗
    ║ Looks like Playwright Test or Playwright was just installed or updated. ║
    ║ Please run the following command to download new browsers:              ║
    ║                                                                         ║
    ║     npx playwright install                                              ║
    ║                                                                         ║
    ║ <3 Playwright Team                                                      ║
    ╚═════════════════════════════════════════════════════════════════════════╝
]]>
</failure>
<system-out>
<![CDATA[✅ [2025-06-15T13:59:24.854Z] Got admin token for JavaScript integration tests: eyJhbGciOiJIUzI1NiIs...
]]>
</system-out>
</testcase>
<testcase name="Website JavaScript API Integration › Profile Page JavaScript Behavior › should handle API client initialization correctly" classname="playwright/tests/website/javascript-api-integration.spec.js" time="0.002">
<failure message="javascript-api-integration.spec.js:112:5 should handle API client initialization correctly" type="FAILURE">
<![CDATA[  [chromium] › playwright/tests/website/javascript-api-integration.spec.js:112:5 › Website JavaScript API Integration › Profile Page JavaScript Behavior › should handle API client initialization correctly 

    Error: browserType.launch: Executable doesn't exist at /ms-playwright/chromium_headless_shell-1178/chrome-linux/headless_shell
    ╔═════════════════════════════════════════════════════════════════════════╗
    ║ Looks like Playwright Test or Playwright was just installed or updated. ║
    ║ Please run the following command to download new browsers:              ║
    ║                                                                         ║
    ║     npx playwright install                                              ║
    ║                                                                         ║
    ║ <3 Playwright Team                                                      ║
    ╚═════════════════════════════════════════════════════════════════════════╝
]]>
</failure>
<system-out>
<![CDATA[✅ [2025-06-15T13:59:25.083Z] Got admin token for JavaScript integration tests: eyJhbGciOiJIUzI1NiIs...
]]>
</system-out>
</testcase>
<testcase name="Website JavaScript API Integration › Profile Page JavaScript Behavior › should handle refresh functionality without CORS issues" classname="playwright/tests/website/javascript-api-integration.spec.js" time="0.003">
<failure message="javascript-api-integration.spec.js:182:5 should handle refresh functionality without CORS issues" type="FAILURE">
<![CDATA[  [chromium] › playwright/tests/website/javascript-api-integration.spec.js:182:5 › Website JavaScript API Integration › Profile Page JavaScript Behavior › should handle refresh functionality without CORS issues 

    Error: browserType.launch: Executable doesn't exist at /ms-playwright/chromium_headless_shell-1178/chrome-linux/headless_shell
    ╔═════════════════════════════════════════════════════════════════════════╗
    ║ Looks like Playwright Test or Playwright was just installed or updated. ║
    ║ Please run the following command to download new browsers:              ║
    ║                                                                         ║
    ║     npx playwright install                                              ║
    ║                                                                         ║
    ║ <3 Playwright Team                                                      ║
    ╚═════════════════════════════════════════════════════════════════════════╝
]]>
</failure>
<system-out>
<![CDATA[✅ [2025-06-15T13:59:25.134Z] Got admin token for JavaScript integration tests: eyJhbGciOiJIUzI1NiIs...
]]>
</system-out>
</testcase>
<testcase name="Website JavaScript API Integration › Cross-Domain Request Monitoring › should monitor all cross-domain API requests for CORS compliance" classname="playwright/tests/website/javascript-api-integration.spec.js" time="0.002">
<failure message="javascript-api-integration.spec.js:240:5 should monitor all cross-domain API requests for CORS compliance" type="FAILURE">
<![CDATA[  [chromium] › playwright/tests/website/javascript-api-integration.spec.js:240:5 › Website JavaScript API Integration › Cross-Domain Request Monitoring › should monitor all cross-domain API requests for CORS compliance 

    Error: browserType.launch: Executable doesn't exist at /ms-playwright/chromium_headless_shell-1178/chrome-linux/headless_shell
    ╔═════════════════════════════════════════════════════════════════════════╗
    ║ Looks like Playwright Test or Playwright was just installed or updated. ║
    ║ Please run the following command to download new browsers:              ║
    ║                                                                         ║
    ║     npx playwright install                                              ║
    ║                                                                         ║
    ║ <3 Playwright Team                                                      ║
    ╚═════════════════════════════════════════════════════════════════════════╝
]]>
</failure>
<system-out>
<![CDATA[✅ [2025-06-15T13:59:25.134Z] Got admin token for JavaScript integration tests: eyJhbGciOiJIUzI1NiIs...
]]>
</system-out>
</testcase>
<testcase name="Website JavaScript API Integration › Error Scenario Testing › should gracefully handle token expiration without CORS errors" classname="playwright/tests/website/javascript-api-integration.spec.js" time="0.003">
<failure message="javascript-api-integration.spec.js:311:5 should gracefully handle token expiration without CORS errors" type="FAILURE">
<![CDATA[  [chromium] › playwright/tests/website/javascript-api-integration.spec.js:311:5 › Website JavaScript API Integration › Error Scenario Testing › should gracefully handle token expiration without CORS errors 

    Error: browserType.launch: Executable doesn't exist at /ms-playwright/chromium_headless_shell-1178/chrome-linux/headless_shell
    ╔═════════════════════════════════════════════════════════════════════════╗
    ║ Looks like Playwright Test or Playwright was just installed or updated. ║
    ║ Please run the following command to download new browsers:              ║
    ║                                                                         ║
    ║     npx playwright install                                              ║
    ║                                                                         ║
    ║ <3 Playwright Team                                                      ║
    ╚═════════════════════════════════════════════════════════════════════════╝
]]>
</failure>
<system-out>
<![CDATA[✅ [2025-06-15T13:59:25.278Z] Got admin token for JavaScript integration tests: eyJhbGciOiJIUzI1NiIs...
]]>
</system-out>
</testcase>
<testcase name="Website JavaScript API Integration › Error Scenario Testing › should handle network connectivity issues separate from CORS" classname="playwright/tests/website/javascript-api-integration.spec.js" time="0.002">
<failure message="javascript-api-integration.spec.js:347:5 should handle network connectivity issues separate from CORS" type="FAILURE">
<![CDATA[  [chromium] › playwright/tests/website/javascript-api-integration.spec.js:347:5 › Website JavaScript API Integration › Error Scenario Testing › should handle network connectivity issues separate from CORS 

    Error: browserType.launch: Executable doesn't exist at /ms-playwright/chromium_headless_shell-1178/chrome-linux/headless_shell
    ╔═════════════════════════════════════════════════════════════════════════╗
    ║ Looks like Playwright Test or Playwright was just installed or updated. ║
    ║ Please run the following command to download new browsers:              ║
    ║                                                                         ║
    ║     npx playwright install                                              ║
    ║                                                                         ║
    ║ <3 Playwright Team                                                      ║
    ╚═════════════════════════════════════════════════════════════════════════╝
]]>
</failure>
<system-out>
<![CDATA[✅ [2025-06-15T13:59:25.281Z] Got admin token for JavaScript integration tests: eyJhbGciOiJIUzI1NiIs...
]]>
</system-out>
</testcase>
</testsuite>
<testsuite name="playwright/tests/website/profile.spec.js" timestamp="2025-06-15T13:59:20.769Z" hostname="chromium" tests="22" failures="22" skipped="0" time="0.066" errors="0">
<testcase name="Website Profile Page Tests › Login to Profile Flow Integration › should complete full login to profile workflow" classname="playwright/tests/website/profile.spec.js" time="0.005">
<failure message="profile.spec.js:19:5 should complete full login to profile workflow" type="FAILURE">
<![CDATA[  [chromium] › playwright/tests/website/profile.spec.js:19:5 › Website Profile Page Tests › Login to Profile Flow Integration › should complete full login to profile workflow 

    Error: browserType.launch: Executable doesn't exist at /ms-playwright/chromium_headless_shell-1178/chrome-linux/headless_shell
    ╔═════════════════════════════════════════════════════════════════════════╗
    ║ Looks like Playwright Test or Playwright was just installed or updated. ║
    ║ Please run the following command to download new browsers:              ║
    ║                                                                         ║
    ║     npx playwright install                                              ║
    ║                                                                         ║
    ║ <3 Playwright Team                                                      ║
    ╚═════════════════════════════════════════════════════════════════════════╝
]]>
</failure>
<system-out>
<![CDATA[✅ [2025-06-15T13:59:25.288Z] Got admin token for profile tests: eyJhbGciOiJIUzI1NiIs...
]]>
</system-out>
</testcase>
<testcase name="Website Profile Page Tests › Login to Profile Flow Integration › should handle profile access after login with remember me" classname="playwright/tests/website/profile.spec.js" time="0.003">
<failure message="profile.spec.js:59:5 should handle profile access after login with remember me" type="FAILURE">
<![CDATA[  [chromium] › playwright/tests/website/profile.spec.js:59:5 › Website Profile Page Tests › Login to Profile Flow Integration › should handle profile access after login with remember me 

    Error: browserType.launch: Executable doesn't exist at /ms-playwright/chromium_headless_shell-1178/chrome-linux/headless_shell
    ╔═════════════════════════════════════════════════════════════════════════╗
    ║ Looks like Playwright Test or Playwright was just installed or updated. ║
    ║ Please run the following command to download new browsers:              ║
    ║                                                                         ║
    ║     npx playwright install                                              ║
    ║                                                                         ║
    ║ <3 Playwright Team                                                      ║
    ╚═════════════════════════════════════════════════════════════════════════╝
]]>
</failure>
<system-out>
<![CDATA[✅ [2025-06-15T13:59:26.286Z] Got admin token for profile tests: eyJhbGciOiJIUzI1NiIs...
]]>
</system-out>
</testcase>
<testcase name="Website Profile Page Tests › Profile Page Authentication › should redirect to login when not authenticated" classname="playwright/tests/website/profile.spec.js" time="0.002">
<failure message="profile.spec.js:96:5 should redirect to login when not authenticated" type="FAILURE">
<![CDATA[  [chromium] › playwright/tests/website/profile.spec.js:96:5 › Website Profile Page Tests › Profile Page Authentication › should redirect to login when not authenticated 

    Error: browserType.launch: Executable doesn't exist at /ms-playwright/chromium_headless_shell-1178/chrome-linux/headless_shell
    ╔═════════════════════════════════════════════════════════════════════════╗
    ║ Looks like Playwright Test or Playwright was just installed or updated. ║
    ║ Please run the following command to download new browsers:              ║
    ║                                                                         ║
    ║     npx playwright install                                              ║
    ║                                                                         ║
    ║ <3 Playwright Team                                                      ║
    ╚═════════════════════════════════════════════════════════════════════════╝
]]>
</failure>
<system-out>
<![CDATA[✅ [2025-06-15T13:59:25.457Z] Got admin token for profile tests: eyJhbGciOiJIUzI1NiIs...
]]>
</system-out>
</testcase>
<testcase name="Website Profile Page Tests › Profile Page Authentication › should show profile page when authenticated with JWT cookies" classname="playwright/tests/website/profile.spec.js" time="0.003">
<failure message="profile.spec.js:110:5 should show profile page when authenticated with JWT cookies" type="FAILURE">
[...]

    Error: browserType.launch: Executable doesn't exist at /ms-playwright/webkit-2182/pw_run.sh
    ╔═════════════════════════════════════════════════════════════════════════╗
    ║ Looks like Playwright Test or Playwright was just installed or updated. ║
    ║ Please run the following command to download new browsers:              ║
    ║                                                                         ║
    ║     npx playwright install                                              ║
    ║                                                                         ║
    ║ <3 Playwright Team                                                      ║
    ╚═════════════════════════════════════════════════════════════════════════╝
]]>
</failure>
<system-out>
<![CDATA[✅ [2025-06-15T13:59:54.433Z] Got admin token for profile tests: eyJhbGciOiJIUzI1NiIs...
]]>
</system-out>
</testcase>
<testcase name="Website Profile Page Tests › Profile JavaScript Functionality › should initialize API client correctly" classname="playwright/tests/website/profile.spec.js" time="0.007">
<failure message="profile.spec.js:258:5 should initialize API client correctly" type="FAILURE">
<![CDATA[  [Mobile Safari] › playwright/tests/website/profile.spec.js:258:5 › Website Profile Page Tests › Profile JavaScript Functionality › should initialize API client correctly 

    Error: browserType.launch: Executable doesn't exist at /ms-playwright/webkit-2182/pw_run.sh
    ╔═════════════════════════════════════════════════════════════════════════╗
    ║ Looks like Playwright Test or Playwright was just installed or updated. ║
    ║ Please run the following command to download new browsers:              ║
    ║                                                                         ║
    ║     npx playwright install                                              ║
    ║                                                                         ║
    ║ <3 Playwright Team                                                      ║
    ╚═════════════════════════════════════════════════════════════════════════╝
]]>
</failure>
<system-out>
<![CDATA[✅ [2025-06-15T13:59:53.154Z] Got admin token for profile tests: eyJhbGciOiJIUzI1NiIs...
]]>
</system-out>
</testcase>
<testcase name="Website Profile Page Tests › Profile JavaScript Functionality › should load profile data automatically" classname="playwright/tests/website/profile.spec.js" time="0.005">
<failure message="profile.spec.js:280:5 should load profile data automatically" type="FAILURE">
<![CDATA[  [Mobile Safari] › playwright/tests/website/profile.spec.js:280:5 › Website Profile Page Tests › Profile JavaScript Functionality › should load profile data automatically 

    Error: browserType.launch: Executable doesn't exist at /ms-playwright/webkit-2182/pw_run.sh
    ╔═════════════════════════════════════════════════════════════════════════╗
    ║ Looks like Playwright Test or Playwright was just installed or updated. ║
    ║ Please run the following command to download new browsers:              ║
    ║                                                                         ║
    ║     npx playwright install                                              ║
    ║                                                                         ║
    ║ <3 Playwright Team                                                      ║
    ╚═════════════════════════════════════════════════════════════════════════╝
]]>
</failure>
<system-out>
<![CDATA[✅ [2025-06-15T13:59:54.438Z] Got admin token for profile tests: eyJhbGciOiJIUzI1NiIs...
]]>
</system-out>
</testcase>
<testcase name="Website Profile Page Tests › Profile JavaScript Functionality › should handle refresh button functionality" classname="playwright/tests/website/profile.spec.js" time="0.003">
<failure message="profile.spec.js:307:5 should handle refresh button functionality" type="FAILURE">
<![CDATA[  [Mobile Safari] › playwright/tests/website/profile.spec.js:307:5 › Website Profile Page Tests › Profile JavaScript Functionality › should handle refresh button functionality 

    Error: browserType.launch: Executable doesn't exist at /ms-playwright/webkit-2182/pw_run.sh
    ╔═════════════════════════════════════════════════════════════════════════╗
    ║ Looks like Playwright Test or Playwright was just installed or updated. ║
    ║ Please run the following command to download new browsers:              ║
    ║                                                                         ║
    ║     npx playwright install                                              ║
    ║                                                                         ║
    ║ <3 Playwright Team                                                      ║
    ╚═════════════════════════════════════════════════════════════════════════╝
]]>
</failure>
<system-out>
<![CDATA[✅ [2025-06-15T13:59:53.909Z] Got admin token for profile tests: eyJhbGciOiJIUzI1NiIs...
]]>
</system-out>
</testcase>
<testcase name="Website Profile Page Tests › Profile JavaScript Functionality › should handle API errors gracefully" classname="playwright/tests/website/profile.spec.js" time="0.002">
<failure message="profile.spec.js:339:5 should handle API errors gracefully" type="FAILURE">
<![CDATA[  [Mobile Safari] › playwright/tests/website/profile.spec.js:339:5 › Website Profile Page Tests › Profile JavaScript Functionality › should handle API errors gracefully 

    Error: browserType.launch: Executable doesn't exist at /ms-playwright/webkit-2182/pw_run.sh
    ╔═════════════════════════════════════════════════════════════════════════╗
    ║ Looks like Playwright Test or Playwright was just installed or updated. ║
    ║ Please run the following command to download new browsers:              ║
    ║                                                                         ║
    ║     npx playwright install                                              ║
    ║                                                                         ║
    ║ <3 Playwright Team                                                      ║
    ╚═════════════════════════════════════════════════════════════════════════╝
]]>
</failure>
<system-out>
<![CDATA[✅ [2025-06-15T13:59:54.995Z] Got admin token for profile tests: eyJhbGciOiJIUzI1NiIs...
]]>
</system-out>
</testcase>
<testcase name="Website Profile Page Tests › Profile JavaScript Functionality › should retry after API error" classname="playwright/tests/website/profile.spec.js" time="0.007">
<failure message="profile.spec.js:361:5 should retry after API error" type="FAILURE">
<![CDATA[  [Mobile Safari] › playwright/tests/website/profile.spec.js:361:5 › Website Profile Page Tests › Profile JavaScript Functionality › should retry after API error 

    Error: browserType.launch: Executable doesn't exist at /ms-playwright/webkit-2182/pw_run.sh
    ╔═════════════════════════════════════════════════════════════════════════╗
    ║ Looks like Playwright Test or Playwright was just installed or updated. ║
    ║ Please run the following command to download new browsers:              ║
    ║                                                                         ║
    ║     npx playwright install                                              ║
    ║                                                                         ║
    ║ <3 Playwright Team                                                      ║
    ╚═════════════════════════════════════════════════════════════════════════╝
]]>
</failure>
<system-out>
<![CDATA[✅ [2025-06-15T13:59:53.818Z] Got admin token for profile tests: eyJhbGciOiJIUzI1NiIs...
]]>
</system-out>
</testcase>
<testcase name="Website Profile Page Tests › Profile JavaScript Functionality › should fail gracefully when no JWT token is accessible to JavaScript" classname="playwright/tests/website/profile.spec.js" time="0.002">
<failure message="profile.spec.js:398:5 should fail gracefully when no JWT token is accessible to JavaScript" type="FAILURE">
<![CDATA[  [Mobile Safari] › playwright/tests/website/profile.spec.js:398:5 › Website Profile Page Tests › Profile JavaScript Functionality › should fail gracefully when no JWT token is accessible to JavaScript 

    Error: browserType.launch: Executable doesn't exist at /ms-playwright/webkit-2182/pw_run.sh
    ╔═════════════════════════════════════════════════════════════════════════╗
    ║ Looks like Playwright Test or Playwright was just installed or updated. ║
    ║ Please run the following command to download new browsers:              ║
    ║                                                                         ║
    ║     npx playwright install                                              ║
    ║                                                                         ║
    ║ <3 Playwright Team                                                      ║
    ╚═════════════════════════════════════════════════════════════════════════╝
]]>
</failure>
<system-out>
<![CDATA[✅ [2025-06-15T13:59:54.956Z] Got admin token for profile tests: eyJhbGciOiJIUzI1NiIs...
]]>
</system-out>
</testcase>
<testcase name="Website Profile Page Tests › Profile JavaScript Functionality › should successfully load profile with correct cookie setup" classname="playwright/tests/website/profile.spec.js" time="0.006">
<failure message="profile.spec.js:437:5 should successfully load profile with correct cookie setup" type="FAILURE">
<![CDATA[  [Mobile Safari] › playwright/tests/website/profile.spec.js:437:5 › Website Profile Page Tests › Profile JavaScript Functionality › should successfully load profile with correct cookie setup 

    Error: browserType.launch: Executable doesn't exist at /ms-playwright/webkit-2182/pw_run.sh
    ╔═════════════════════════════════════════════════════════════════════════╗
    ║ Looks like Playwright Test or Playwright was just installed or updated. ║
    ║ Please run the following command to download new browsers:              ║
    ║                                                                         ║
    ║     npx playwright install                                              ║
    ║                                                                         ║
    ║ <3 Playwright Team                                                      ║
    ╚═════════════════════════════════════════════════════════════════════════╝
]]>
</failure>
<system-out>
<![CDATA[✅ [2025-06-15T13:59:54.131Z] Got admin token for profile tests: eyJhbGciOiJIUzI1NiIs...
]]>
</system-out>
</testcase>
<testcase name="Website Profile Page Tests › Profile Page Security › should not expose sensitive information" classname="playwright/tests/website/profile.spec.js" time="0.002">
<failure message="profile.spec.js:468:5 should not expose sensitive information" type="FAILURE">
<![CDATA[  [Mobile Safari] › playwright/tests/website/profile.spec.js:468:5 › Website Profile Page Tests › Profile Page Security › should not expose sensitive information 

    Error: browserType.launch: Executable doesn't exist at /ms-playwright/webkit-2182/pw_run.sh
    ╔═════════════════════════════════════════════════════════════════════════╗
    ║ Looks like Playwright Test or Playwright was just installed or updated. ║
    ║ Please run the following command to download new browsers:              ║
    ║                                                                         ║
    ║     npx playwright install                                              ║
    ║                                                                         ║
    ║ <3 Playwright Team                                                      ║
    ╚═════════════════════════════════════════════════════════════════════════╝
]]>
</failure>
<system-out>
<![CDATA[✅ [2025-06-15T13:59:55.155Z] Got admin token for profile tests: eyJhbGciOiJIUzI1NiIs...
]]>
</system-out>
</testcase>
<testcase name="Website Profile Page Tests › Profile Page Security › should handle invalid JWT tokens" classname="playwright/tests/website/profile.spec.js" time="0.002">
<failure message="profile.spec.js:497:5 should handle invalid JWT tokens" type="FAILURE">
<![CDATA[  [Mobile Safari] › playwright/tests/website/profile.spec.js:497:5 › Website Profile Page Tests › Profile Page Security › should handle invalid JWT tokens 

    Error: browserType.launch: Executable doesn't exist at /ms-playwright/webkit-2182/pw_run.sh
    ╔═════════════════════════════════════════════════════════════════════════╗
    ║ Looks like Playwright Test or Playwright was just installed or updated. ║
    ║ Please run the following command to download new browsers:              ║
    ║                                                                         ║
    ║     npx playwright install                                              ║
    ║                                                                         ║
    ║ <3 Playwright Team                                                      ║
    ╚═════════════════════════════════════════════════════════════════════════╝
]]>
</failure>
<system-out>
<![CDATA[✅ [2025-06-15T13:59:54.129Z] Got admin token for profile tests: eyJhbGciOiJIUzI1NiIs...
]]>
</system-out>
</testcase>
<testcase name="Website Profile Page Tests › Profile Page Navigation › should have working logout functionality" classname="playwright/tests/website/profile.spec.js" time="0.003">
<failure message="profile.spec.js:548:5 should have working logout functionality" type="FAILURE">
<![CDATA[  [Mobile Safari] › playwright/tests/website/profile.spec.js:548:5 › Website Profile Page Tests › Profile Page Navigation › should have working logout functionality 

    Error: browserType.launch: Executable doesn't exist at /ms-playwright/webkit-2182/pw_run.sh
    ╔═════════════════════════════════════════════════════════════════════════╗
    ║ Looks like Playwright Test or Playwright was just installed or updated. ║
    ║ Please run the following command to download new browsers:              ║
    ║                                                                         ║
    ║     npx playwright install                                              ║
    ║                                                                         ║
    ║ <3 Playwright Team                                                      ║
    ╚═════════════════════════════════════════════════════════════════════════╝
]]>
</failure>
<system-out>
<![CDATA[✅ [2025-06-15T13:59:55.154Z] Got admin token for profile tests: eyJhbGciOiJIUzI1NiIs...
]]>
</system-out>
</testcase>
<testcase name="Website Profile Page Tests › Profile Page Navigation › should have working refresh page functionality" classname="playwright/tests/website/profile.spec.js" time="0.003">
<failure message="profile.spec.js:561:5 should have working refresh page functionality" type="FAILURE">
<![CDATA[  [Mobile Safari] › playwright/tests/website/profile.spec.js:561:5 › Website Profile Page Tests › Profile Page Navigation › should have working refresh page functionality 

    Error: browserType.launch: Executable doesn't exist at /ms-playwright/webkit-2182/pw_run.sh
    ╔═════════════════════════════════════════════════════════════════════════╗
    ║ Looks like Playwright Test or Playwright was just installed or updated. ║
    ║ Please run the following command to download new browsers:              ║
    ║                                                                         ║
    ║     npx playwright install                                              ║
    ║                                                                         ║
    ║ <3 Playwright Team                                                      ║
    ╚═════════════════════════════════════════════════════════════════════════╝
]]>
</failure>
<system-out>
<![CDATA[✅ [2025-06-15T13:59:54.222Z] Got admin token for profile tests: eyJhbGciOiJIUzI1NiIs...
]]>
</system-out>
</testcase>
<testcase name="Website Profile Page Tests › Profile Page Navigation › should display service information correctly" classname="playwright/tests/website/profile.spec.js" time="0.003">
<failure message="profile.spec.js:581:5 should display service information correctly" type="FAILURE">
<![CDATA[  [Mobile Safari] › playwright/tests/website/profile.spec.js:581:5 › Website Profile Page Tests › Profile Page Navigation › should display service information correctly 

    Error: browserType.launch: Executable doesn't exist at /ms-playwright/webkit-2182/pw_run.sh
    ╔═════════════════════════════════════════════════════════════════════════╗
    ║ Looks like Playwright Test or Playwright was just installed or updated. ║
    ║ Please run the following command to download new browsers:              ║
    ║                                                                         ║
    ║     npx playwright install                                              ║
    ║                                                                         ║
    ║ <3 Playwright Team                                                      ║
    ╚═════════════════════════════════════════════════════════════════════════╝
]]>
</failure>
<system-out>
<![CDATA[✅ [2025-06-15T13:59:55.168Z] Got admin token for profile tests: eyJhbGciOiJIUzI1NiIs...
]]>
</system-out>
</testcase>
<testcase name="Website Profile Page Tests › Profile Page Responsive Design › should be responsive on mobile devices" classname="playwright/tests/website/profile.spec.js" time="0.006">
<failure message="profile.spec.js:617:5 should be responsive on mobile devices" type="FAILURE">
<![CDATA[  [Mobile Safari] › playwright/tests/website/profile.spec.js:617:5 › Website Profile Page Tests › Profile Page Responsive Design › should be responsive on mobile devices 

    Error: browserType.launch: Executable doesn't exist at /ms-playwright/webkit-2182/pw_run.sh
    ╔═════════════════════════════════════════════════════════════════════════╗
    ║ Looks like Playwright Test or Playwright was just installed or updated. ║
    ║ Please run the following command to download new browsers:              ║
    ║                                                                         ║
    ║     npx playwright install                                              ║
    ║                                                                         ║
    ║ <3 Playwright Team                                                      ║
    ╚═════════════════════════════════════════════════════════════════════════╝
]]>
</failure>
<system-out>
<![CDATA[✅ [2025-06-15T13:59:54.311Z] Got admin token for profile tests: eyJhbGciOiJIUzI1NiIs...
]]>
</system-out>
</testcase>
<testcase name="Website Profile Page Tests › Profile Page Responsive Design › should be responsive on tablet devices" classname="playwright/tests/website/profile.spec.js" time="0.002">
<failure message="profile.spec.js:633:5 should be responsive on tablet devices" type="FAILURE">
<![CDATA[  [Mobile Safari] › playwright/tests/website/profile.spec.js:633:5 › Website Profile Page Tests › Profile Page Responsive Design › should be responsive on tablet devices 

    Error: browserType.launch: Executable doesn't exist at /ms-playwright/webkit-2182/pw_run.sh
    ╔═════════════════════════════════════════════════════════════════════════╗
    ║ Looks like Playwright Test or Playwright was just installed or updated. ║
    ║ Please run the following command to download new browsers:              ║
    ║                                                                         ║
    ║     npx playwright install                                              ║
    ║                                                                         ║
    ║ <3 Playwright Team                                                      ║
    ╚═════════════════════════════════════════════════════════════════════════╝
]]>
</failure>
<system-out>
<![CDATA[✅ [2025-06-15T13:59:55.295Z] Got admin token for profile tests: eyJhbGciOiJIUzI1NiIs...
]]>
</system-out>
</testcase>
</testsuite>
</testsuites>