<testsuites id="" name="" tests="2" failures="1" skipped="0" errors="0" time="27.617791999999998">
<testsuite name="playwright/tests/auth/login.spec.js" timestamp="2025-06-15T15:52:27.863Z" hostname="chromium" tests="2" failures="1" skipped="0" time="24.786" errors="0">
<testcase name="Authentication Tests › should load login page successfully @smoke @fast @critical" classname="playwright/tests/auth/login.spec.js" time="2.317">
<system-out>
<![CDATA[✅ [2025-06-15T15:52:28.387Z] Authentication data cleared
✅ [2025-06-15T15:52:28.388Z] Navigating to identity: https://identity.vfservices.viloforge.com
✅ [2025-06-15T15:52:30.506Z] Authentication data cleared
]]>
</system-out>
</testcase>
<testcase name="Authentication Tests › should login successfully with valid admin credentials @auth @critical @dev" classname="playwright/tests/auth/login.spec.js" time="22.469">
<failure message="login.spec.js:44:3 should login successfully with valid admin credentials @auth @critical @dev" type="FAILURE">
<![CDATA[  [chromium] › playwright/tests/auth/login.spec.js:44:3 › Authentication Tests › should login successfully with valid admin credentials @auth @critical @dev 

    Error: expect(received).toBe(expected) // Object.is equality

    Expected: true
    Received: false

      49 |       
      50 |       // Verify login success
    > 51 |       expect(await loginPage.isLoginSuccessful()).toBe(true);
         |                                                   ^
      52 |       expect(await loginPage.isAuthenticated()).toBe(true);
      53 |       
      54 |       // Take screenshot for verification
        at /tests/playwright/tests/auth/login.spec.js:51:51

    attachment #1: screenshot (image/png) ──────────────────────────────────────────────────────────
    ../test-results/dev_20250615_185215/artifacts/playwright-tests-auth-logi-8744c-edentials-auth-critical-dev-chromium/test-failed-1.png
    ────────────────────────────────────────────────────────────────────────────────────────────────

    attachment #2: video (video/webm) ──────────────────────────────────────────────────────────────
    ../test-results/dev_20250615_185215/artifacts/playwright-tests-auth-logi-8744c-edentials-auth-critical-dev-chromium/video.webm
    ────────────────────────────────────────────────────────────────────────────────────────────────

    Error Context: ../test-results/dev_20250615_185215/artifacts/playwright-tests-auth-logi-8744c-edentials-auth-critical-dev-chromium/error-context.md

    Retry #1 ───────────────────────────────────────────────────────────────────────────────────────

    Error: expect(received).toBe(expected) // Object.is equality

    Expected: true
    Received: false

      49 |       
      50 |       // Verify login success
    > 51 |       expect(await loginPage.isLoginSuccessful()).toBe(true);
         |                                                   ^
      52 |       expect(await loginPage.isAuthenticated()).toBe(true);
      53 |       
      54 |       // Take screenshot for verification
        at /tests/playwright/tests/auth/login.spec.js:51:51

    attachment #1: screenshot (image/png) ──────────────────────────────────────────────────────────
    ../test-results/dev_20250615_185215/artifacts/playwright-tests-auth-logi-8744c-edentials-auth-critical-dev-chromium-retry1/test-failed-1.png
    ────────────────────────────────────────────────────────────────────────────────────────────────

    attachment #2: video (video/webm) ──────────────────────────────────────────────────────────────
    ../test-results/dev_20250615_185215/artifacts/playwright-tests-auth-logi-8744c-edentials-auth-critical-dev-chromium-retry1/video.webm
    ────────────────────────────────────────────────────────────────────────────────────────────────

    Error Context: ../test-results/dev_20250615_185215/artifacts/playwright-tests-auth-logi-8744c-edentials-auth-critical-dev-chromium-retry1/error-context.md

    attachment #4: trace (application/zip) ─────────────────────────────────────────────────────────
    ../test-results/dev_20250615_185215/artifacts/playwright-tests-auth-logi-8744c-edentials-auth-critical-dev-chromium-retry1/trace.zip
    Usage:

        npx playwright show-trace ../test-results/dev_20250615_185215/artifacts/playwright-tests-auth-logi-8744c-edentials-auth-critical-dev-chromium-retry1/trace.zip

    ────────────────────────────────────────────────────────────────────────────────────────────────

    Retry #2 ───────────────────────────────────────────────────────────────────────────────────────

    Error: expect(received).toBe(expected) // Object.is equality

    Expected: true
    Received: false

      49 |       
      50 |       // Verify login success
    > 51 |       expect(await loginPage.isLoginSuccessful()).toBe(true);
         |                                                   ^
      52 |       expect(await loginPage.isAuthenticated()).toBe(true);
      53 |       
      54 |       // Take screenshot for verification
        at /tests/playwright/tests/auth/login.spec.js:51:51

    attachment #1: screenshot (image/png) ──────────────────────────────────────────────────────────
    ../test-results/dev_20250615_185215/artifacts/playwright-tests-auth-logi-8744c-edentials-auth-critical-dev-chromium-retry2/test-failed-1.png
    ────────────────────────────────────────────────────────────────────────────────────────────────

    attachment #2: video (video/webm) ──────────────────────────────────────────────────────────────
    ../test-results/dev_20250615_185215/artifacts/playwright-tests-auth-logi-8744c-edentials-auth-critical-dev-chromium-retry2/video.webm
    ────────────────────────────────────────────────────────────────────────────────────────────────

    Error Context: ../test-results/dev_20250615_185215/artifacts/playwright-tests-auth-logi-8744c-edentials-auth-critical-dev-chromium-retry2/error-context.md
]]>
</failure>
<system-out>
<![CDATA[✅ [2025-06-15T15:52:30.667Z] Authentication data cleared
✅ [2025-06-15T15:52:30.668Z] Attempting login with username: admin
✅ [2025-06-15T15:52:30.668Z] Navigating to identity: https://identity.vfservices.viloforge.com
✅ [2025-06-15T15:52:34.662Z] Login form submitted, checking authentication status
✅ [2025-06-15T15:52:37.691Z] Login success check: notOnLoginPage=false, hasAuthCookies=true, hasLogoutOption=false, isRedirected=false, overall=false
✅ [2025-06-15T15:52:37.951Z] Authentication data cleared

[[ATTACHMENT|artifacts/playwright-tests-auth-logi-8744c-edentials-auth-critical-dev-chromium/test-failed-1.png]]

[[ATTACHMENT|artifacts/playwright-tests-auth-logi-8744c-edentials-auth-critical-dev-chromium/video.webm]]

[[ATTACHMENT|artifacts/playwright-tests-auth-logi-8744c-edentials-auth-critical-dev-chromium/error-context.md]]
✅ [2025-06-15T15:52:38.471Z] Authentication data cleared
✅ [2025-06-15T15:52:38.472Z] Attempting login with username: admin
✅ [2025-06-15T15:52:38.472Z] Navigating to identity: https://identity.vfservices.viloforge.com
✅ [2025-06-15T15:52:42.590Z] Login form submitted, checking authentication status
✅ [2025-06-15T15:52:45.651Z] Login success check: notOnLoginPage=false, hasAuthCookies=true, hasLogoutOption=false, isRedirected=false, overall=false
✅ [2025-06-15T15:52:45.942Z] Authentication data cleared

[[ATTACHMENT|artifacts/playwright-tests-auth-logi-8744c-edentials-auth-critical-dev-chromium-retry1/test-failed-1.png]]

[[ATTACHMENT|artifacts/playwright-tests-auth-logi-8744c-edentials-auth-critical-dev-chromium-retry1/video.webm]]

[[ATTACHMENT|artifacts/playwright-tests-auth-logi-8744c-edentials-auth-critical-dev-chromium-retry1/error-context.md]]

[[ATTACHMENT|artifacts/playwright-tests-auth-logi-8744c-edentials-auth-critical-dev-chromium-retry1/trace.zip]]
✅ [2025-06-15T15:52:46.802Z] Authentication data cleared
✅ [2025-06-15T15:52:46.803Z] Attempting login with username: admin
✅ [2025-06-15T15:52:46.803Z] Navigating to identity: https://identity.vfservices.viloforge.com
✅ [2025-06-15T15:52:50.864Z] Login form submitted, checking authentication status
✅ [2025-06-15T15:52:53.898Z] Login success check: notOnLoginPage=false, hasAuthCookies=true, hasLogoutOption=false, isRedirected=false, overall=false
✅ [2025-06-15T15:52:54.170Z] Authentication data cleared

[[ATTACHMENT|artifacts/playwright-tests-auth-logi-8744c-edentials-auth-critical-dev-chromium-retry2/test-failed-1.png]]

[[ATTACHMENT|artifacts/playwright-tests-auth-logi-8744c-edentials-auth-critical-dev-chromium-retry2/video.webm]]

[[ATTACHMENT|artifacts/playwright-tests-auth-logi-8744c-edentials-auth-critical-dev-chromium-retry2/error-context.md]]
]]>
</system-out>
</testcase>
</testsuite>
</testsuites>